TN:
SF:controllers\authController.js
FN:6,(anonymous_0)
FN:11,(anonymous_1)
FN:63,(anonymous_2)
FN:106,(anonymous_3)
FN:135,(anonymous_4)
FNF:5
FNH:5
FNDA:6,(anonymous_0)
FNDA:4,(anonymous_1)
FNDA:5,(anonymous_2)
FNDA:3,(anonymous_3)
FNDA:3,(anonymous_4)
DA:1,2
DA:2,2
DA:3,2
DA:6,2
DA:7,6
DA:11,2
DA:12,4
DA:13,4
DA:16,4
DA:17,4
DA:18,1
DA:22,3
DA:25,3
DA:40,3
DA:49,3
DA:51,3
DA:57,0
DA:58,0
DA:63,2
DA:64,5
DA:65,5
DA:68,5
DA:69,5
DA:70,1
DA:74,4
DA:75,4
DA:76,1
DA:80,3
DA:89,3
DA:92,3
DA:94,3
DA:100,0
DA:101,0
DA:106,2
DA:107,3
DA:108,3
DA:123,3
DA:124,1
DA:127,2
DA:129,0
DA:130,0
DA:135,2
DA:136,3
DA:137,3
DA:139,3
DA:160,3
DA:168,3
DA:173,0
DA:174,0
LF:49
LH:41
BRDA:17,0,0,1
BRDA:17,0,1,3
BRDA:69,1,0,1
BRDA:69,1,1,4
BRDA:75,2,0,1
BRDA:75,2,1,3
BRDA:123,3,0,1
BRDA:123,3,1,2
BRDA:145,4,0,0
BRDA:145,4,1,3
BRF:10
BRH:9
end_of_record
TN:
SF:controllers\budgetController.js
FN:4,(anonymous_0)
FN:20,(anonymous_1)
FN:63,(anonymous_2)
FN:131,(anonymous_3)
FNF:4
FNH:0
FNDA:0,(anonymous_0)
FNDA:0,(anonymous_1)
FNDA:0,(anonymous_2)
FNDA:0,(anonymous_3)
DA:1,0
DA:4,0
DA:5,0
DA:6,0
DA:12,0
DA:14,0
DA:15,0
DA:20,0
DA:21,0
DA:22,0
DA:23,0
DA:24,0
DA:26,0
DA:37,0
DA:38,0
DA:55,0
DA:57,0
DA:58,0
DA:63,0
DA:64,0
DA:76,0
DA:78,0
DA:112,0
DA:120,0
DA:125,0
DA:126,0
DA:131,0
DA:132,0
DA:133,0
DA:135,0
DA:145,0
DA:147,0
DA:148,0
LF:33
LH:0
BRDA:37,0,0,0
BRDA:37,0,1,0
BRDA:88,1,0,0
BRDA:88,1,1,0
BRDA:89,2,0,0
BRDA:89,2,1,0
BRDA:90,3,0,0
BRDA:90,3,1,0
BRDA:91,4,0,0
BRDA:91,4,1,0
BRDA:92,5,0,0
BRDA:92,5,1,0
BRDA:93,6,0,0
BRDA:93,6,1,0
BRDA:94,7,0,0
BRDA:94,7,1,0
BRDA:101,8,0,0
BRDA:101,8,1,0
BRDA:102,9,0,0
BRDA:102,9,1,0
BRDA:103,10,0,0
BRDA:103,10,1,0
BRDA:104,11,0,0
BRDA:104,11,1,0
BRDA:105,12,0,0
BRDA:105,12,1,0
BRDA:106,13,0,0
BRDA:106,13,1,0
BRDA:107,14,0,0
BRDA:107,14,1,0
BRF:30
BRH:0
end_of_record
TN:
SF:controllers\portfolioController.js
FN:4,(anonymous_0)
FN:32,(anonymous_1)
FNF:2
FNH:2
FNDA:4,(anonymous_0)
FNDA:6,(anonymous_1)
DA:1,2
DA:4,2
DA:5,4
DA:6,4
DA:11,4
DA:12,2
DA:24,4
DA:26,0
DA:27,0
DA:32,2
DA:33,6
DA:34,6
DA:36,6
DA:58,6
DA:66,6
DA:71,0
DA:72,0
LF:17
LH:13
BRDA:11,0,0,2
BRDA:11,0,1,2
BRDA:41,1,0,6
BRDA:41,1,1,0
BRDA:42,2,0,6
BRDA:42,2,1,2
BRDA:43,3,0,6
BRDA:43,3,1,2
BRDA:44,4,0,6
BRDA:44,4,1,2
BRDA:45,5,0,6
BRDA:45,5,1,2
BRDA:49,6,0,6
BRDA:49,6,1,0
BRDA:50,7,0,6
BRDA:50,7,1,2
BRDA:51,8,0,6
BRDA:51,8,1,2
BRDA:52,9,0,6
BRDA:52,9,1,2
BRDA:53,10,0,6
BRDA:53,10,1,2
BRF:22
BRH:20
end_of_record
TN:
SF:controllers\retirementController.js
FN:4,(anonymous_0)
FN:19,(anonymous_1)
FN:62,(anonymous_2)
FN:97,(anonymous_3)
FNF:4
FNH:0
FNDA:0,(anonymous_0)
FNDA:0,(anonymous_1)
FNDA:0,(anonymous_2)
FNDA:0,(anonymous_3)
DA:1,0
DA:4,0
DA:5,0
DA:6,0
DA:11,0
DA:13,0
DA:14,0
DA:19,0
DA:20,0
DA:28,0
DA:30,0
DA:43,0
DA:51,0
DA:56,0
DA:57,0
DA:62,0
DA:63,0
DA:64,0
DA:72,0
DA:74,0
DA:86,0
DA:91,0
DA:92,0
DA:97,0
DA:98,0
DA:99,0
DA:101,0
DA:105,0
DA:107,0
DA:108,0
LF:30
LH:0
BRF:0
BRH:0
end_of_record
TN:
SF:middleware\auth.js
FN:3,(anonymous_0)
FNF:1
FNH:1
FNDA:17,(anonymous_0)
DA:1,3
DA:3,3
DA:4,17
DA:5,17
DA:6,17
DA:7,6
DA:10,11
DA:11,11
DA:12,8
DA:13,8
DA:15,3
DA:19,3
LF:12
LH:12
BRDA:6,0,0,6
BRDA:6,0,1,11
BRDA:6,1,0,17
BRDA:6,1,1,12
BRF:4
BRH:4
end_of_record
TN:
SF:routes\auth.js
FN:20,(anonymous_0)
FNF:1
FNH:1
FNDA:7,(anonymous_0)
DA:1,1
DA:2,1
DA:3,1
DA:4,1
DA:5,1
DA:8,1
DA:14,1
DA:20,1
DA:21,7
DA:22,7
DA:23,5
DA:24,5
DA:26,2
DA:30,1
DA:31,1
DA:32,1
DA:33,1
DA:35,1
LF:18
LH:18
BRDA:22,0,0,5
BRDA:22,0,1,2
BRF:2
BRH:2
end_of_record
TN:
SF:routes\budget.js
FNF:0
FNH:0
DA:1,0
DA:2,0
DA:3,0
DA:4,0
DA:7,0
DA:10,0
DA:11,0
DA:12,0
DA:13,0
DA:15,0
LF:10
LH:0
BRF:0
BRH:0
end_of_record
TN:
SF:routes\portfolio.js
FNF:0
FNH:0
DA:1,1
DA:2,1
DA:3,1
DA:4,1
DA:7,1
DA:10,1
DA:11,1
DA:13,1
LF:8
LH:8
BRF:0
BRH:0
end_of_record
TN:
SF:routes\retirement.js
FNF:0
FNH:0
DA:1,0
DA:2,0
DA:3,0
DA:4,0
DA:7,0
DA:10,0
DA:11,0
DA:12,0
DA:13,0
DA:15,0
LF:10
LH:0
BRF:0
BRH:0
end_of_record
